30-Mar-23 11:31:34 - [PLAINTEXT] - [ 4  0 18 24 15  4  0 18  8 11  4 12 14 13 18 16 20  4  4 25 24 23]
30-Mar-23 11:31:34 - [CRYPTING BLOCK] - [4 0]
30-Mar-23 11:31:34 - [DECRYPTING BLOCK] - [ 8 20]
30-Mar-23 11:31:34 - [CRYPTING BLOCK] - [18 24]
30-Mar-23 11:31:34 - [DECRYPTING BLOCK] - [ 4 24]
30-Mar-23 11:31:34 - [CRYPTING BLOCK] - [15  4]
30-Mar-23 11:31:34 - [DECRYPTING BLOCK] - [16 25]
30-Mar-23 11:31:34 - [CRYPTING BLOCK] - [ 0 18]
30-Mar-23 11:31:34 - [DECRYPTING BLOCK] - [ 2 22]
30-Mar-23 11:31:34 - [CRYPTING BLOCK] - [ 8 11]
30-Mar-23 11:31:34 - [DECRYPTING BLOCK] - [23 13]
30-Mar-23 11:31:34 - [CRYPTING BLOCK] - [ 4 12]
30-Mar-23 11:31:34 - [DECRYPTING BLOCK] - [18  0]
30-Mar-23 11:31:34 - [CRYPTING BLOCK] - [14 13]
30-Mar-23 11:31:34 - [DECRYPTING BLOCK] - [15  5]
30-Mar-23 11:31:34 - [CRYPTING BLOCK] - [18 16]
30-Mar-23 11:31:34 - [DECRYPTING BLOCK] - [ 6 20]
30-Mar-23 11:31:34 - [CRYPTING BLOCK] - [20  4]
30-Mar-23 11:31:34 - [DECRYPTING BLOCK] - [ 0 24]
30-Mar-23 11:31:34 - [CRYPTING BLOCK] - [ 4 25]
30-Mar-23 11:31:34 - [DECRYPTING BLOCK] - [ 5 13]
30-Mar-23 11:31:34 - [CRYPTING BLOCK] - [24 23]
30-Mar-23 11:31:34 - [DECRYPTING BLOCK] - [13 21]
