30-Mar-23 16:27:58 - [KEY GENERATED]
[[12 12  2 11 10 20  2  2 16]
 [ 2 11  2  5 15 19  4 18  6]
 [23 11  6  6 16 21  3 16 22]
 [15 22  1 21  1 20 16  2 18]
 [15  6 12  7 18 25 17 12 23]
 [ 4  1  4 12  8  7 14  3 23]
 [13 17 12 23 21  9 14 25 24]
 [ 3 21 13 23  1 24 20 14  8]
 [23 10 24  3 15  2 14 11 24]]

30-Mar-23 16:27:58 - [MESSAGE TO CRYPT]
IL CIFRARIO DI HILL APPARTIENE AI CIFRARI MONOALFABETICI A BLOCCHI

30-Mar-23 16:27:58 - [MESSAGE PROCESSED]
ILCIFRARIODIHILLAPPARTIENEAICIFRARIMONOALFABETICIABLOCCHIXXXXXX

30-Mar-23 16:27:58 - [MESSAGE TO NUMBERS]
[ 8 11  2  8  5 17  0 17  8 14  3  8  7  8 11 11  0 15 15  0 17 19  8  4
 13  4  0  8  2  8  5 17  0 17  8 12 14 13 14  0 11  5  0  1  4 19  8  2
  8  0  1 11 14  2  2  7  8 23 23 23 23 23 23]

30-Mar-23 16:27:58 - [CIPHERTEXT]
[[12 15  1 15 24 17  7 23 20]
 [23  7 19 18 20 11 24 13 19]
 [ 3 24  3 17 10 22  7 23 16]
 [17  7 15 19  2 12 21 23 23]
 [16 25  9  7  0 19 13 15 16]
 [21  2 24  8  9 10  4 24 25]
 [ 3 10 24 20  9  2  5  5 20]]
MPBPYRHXUXHTSULYNTDYDRKWHXQRHPTCMVXXQZJHATNPQVCYIJKEYZDKYUJCFFU

30-Mar-23 16:27:59 - [KEY INVERSE]
[[ 5.  7. 21. 15. 19.  3. 12. 17. 21.]
 [ 8.  2. 10.  9. 14. 14.  6.  3.  4.]
 [13. 22. 11. 22.  5.  3. 15. 25. 16.]
 [23. 22. 10. 22. 20.  2.  0. 22.  2.]
 [23. 19. 14. 16.  4. 12. 13. 20. 23.]
 [ 2.  4. 22.  7. 16. 14. 15.  9. 23.]
 [17. 15. 18. 25. 21. 21. 17.  5. 24.]
 [19. 24.  3. 13. 19.  5. 11. 21. 21.]
 [23.  4. 19. 17. 13.  6. 16. 21. 12.]]

30-Mar-23 16:27:59 - [PLAINTEXT]
[[ 8. 11.  2.  8.  5. 17.  0. 17.  8.]
 [14.  3.  8.  7.  8. 11. 11.  0. 15.]
 [15.  0. 17. 19.  8.  4. 13.  4.  0.]
 [ 8.  2.  8.  5. 17.  0. 17.  8. 12.]
 [14. 13. 14.  0. 11.  5.  0.  1.  4.]
 [19.  8.  2.  8.  0.  1. 11. 14.  2.]
 [ 2.  7.  8. 23. 23. 23. 23. 23. 23.]]
ILCIFRARIODIHILLAPPARTIENEAICIFRARIMONOALFABETICIABLOCCHIXXXXXX

