05-Apr-23 11:57:16 - [KEY GENERATED]
[[ 7 24 24 16 25 15 24]
 [17 17 16 11 24 12  5]
 [ 4  7  8 25 22  2 22]
 [23  6 24 24  8 21 19]
 [24 10  7 20  8 20 12]
 [ 9  0  9 11 10 17  9]
 [ 9 10  7  7  6 25 10]]

05-Apr-23 11:57:16 - [MESSAGE TO CRYPT]
IL CIFRARIO DI HILL APPARTIENE AI CIFRARI MONOALFABETICI A BLOCCHI

05-Apr-23 11:57:16 - [MESSAGE PROCESSED]
ILCIFRARIODIHILLAPPARTIENEAICIFRARIMONOALFABETICIABLOCCHIXXXXXX

05-Apr-23 11:57:16 - [MESSAGE TO NUMBERS]
[ 8 11  2  8  5 17  0 17  8 14  3  8  7  8 11 11  0 15 15  0 17 19  8  4
 13  4  0  8  2  8  5 17  0 17  8 12 14 13 14  0 11  5  0  1  4 19  8  2
  8  0  1 11 14  2  2  7  8 23 23 23 23 23 23]

05-Apr-23 11:57:16 - [CIPHERTEXT]
[[ 6 23 10 24  2  7  6]
 [ 5 14 11  9 13 11 12]
 [ 4  3 10 10 23 11 18]
 [24 12 24  4  3  6 23]
 [ 6 11  1 12  4 20  0]
 [ 8 23 20 19  4 18 19]
 [24  7 10 25  6  7 24]
 [18  8  1  5 14  5  1]
 [ 6 16  5 16 18 11 13]]
GXKYCHGFOLJNLMEDKKXLSYMYEDGXGLBMEUAIXUTESTYHKZGHYSIBFOFBGQFQSLN

05-Apr-23 11:57:17 - [KEY INVERSE]
[[12.  5. 23. 24. 10. 21. 21.]
 [ 0.  2. 17. 19. 21. 23. 20.]
 [22. 10. 14.  0.  7.  0. 20.]
 [24. 16.  8. 23. 17. 23. 14.]
 [23. 24.  6. 19.  2. 23. 19.]
 [18.  5. 15. 15. 20. 22. 18.]
 [10. 16.  2. 14.  6. 11. 11.]]

05-Apr-23 11:57:17 - [PLAINTEXT]
[[ 8. 11.  2.  8.  5. 17.  0.]
 [17.  8. 14.  3.  8.  7.  8.]
 [11. 11.  0. 15. 15.  0. 17.]
 [19.  8.  4. 13.  4.  0.  8.]
 [ 2.  8.  5. 17.  0. 17.  8.]
 [12. 14. 13. 14.  0. 11.  5.]
 [ 0.  1.  4. 19.  8.  2.  8.]
 [ 0.  1. 11. 14.  2.  2.  7.]
 [ 8. 23. 23. 23. 23. 23. 23.]]
ILCIFRARIODIHILLAPPARTIENEAICIFRARIMONOALFABETICIABLOCCHIXXXXXX

