Sniffed plaintext: 
[[ 8 17  3 11 17]
 [11  0  8  0 19]
 [ 2 17  7 15  8]
 [ 8  8  8 15  4]
 [ 5 14 11  0 13]]

Known_cyphertext: 
[[21  9 12  0  7]
 [ 7 25 21  8  3]
 [ 4  7 11 24 19]
 [ 2 18 20 17 22]
 [21 15 19 14  4]]

Determinant: 252441

Divisor: 1

Denominator: 15

Inverse: 
[[19 23 25 20  2]
 [ 4 25 13 17  5]
 [ 4  5  4  0  7]
 [20 24  8 19 22]
 [ 1 12  3 24  0]]

Key: 
[[22 20  9 13 15]
 [12  1  7  9 20]
 [23  8 16 19 24]
 [ 6 20 20  1 10]
 [13 11 10 23 12]]

Decrypted: 
[[ 8 11  2  8  5]
 [17  0 17  8 14]
 [ 3  8  7  8 11]
 [11  0 15 15  0]
 [17 19  8  4 13]
 [ 4  0  8  2  8]
 [ 5 17  0 17  8]
 [12 14 13 14  0]
 [11  5  0  1  4]
 [19  8  2  8  0]
 [ 1 11 14  2  2]
 [ 7  8 23 23 23]]

